2021-04-26T01:51:25.030+0530 INFO Starting MyRetailApplication on DESKTOP-JO11416 with PID 876 (C:\Users\ADMIN\Desktop\CaseStudy\myRetail\target\classes started by ADMIN in C:\Users\ADMIN\Desktop\CaseStudy\myRetail)
2021-04-26T01:51:25.052+0530 INFO No active profile set, falling back to default profiles: default
2021-04-26T01:51:26.829+0530 INFO Bootstrapping Spring Data JPA repositories in DEFAULT mode.
2021-04-26T01:51:27.023+0530 INFO Finished Spring Data repository scanning in 166ms. Found 2 JPA repository interfaces.
2021-04-26T01:51:29.006+0530 INFO Tomcat initialized with port(s): 8081 (http)
2021-04-26T01:51:29.029+0530 INFO Initializing ProtocolHandler ["http-nio-8081"]
2021-04-26T01:51:29.030+0530 INFO Starting service [Tomcat]
2021-04-26T01:51:29.072+0530 INFO Starting Servlet engine: [Apache Tomcat/9.0.45]
2021-04-26T01:51:29.408+0530 INFO Initializing Spring embedded WebApplicationContext
2021-04-26T01:51:29.409+0530 INFO Root WebApplicationContext: initialization completed in 4145 ms
2021-04-26T01:51:29.547+0530 INFO HikariPool-1 - Starting...
2021-04-26T01:51:30.068+0530 INFO HikariPool-1 - Start completed.
2021-04-26T01:51:30.085+0530 INFO H2 console available at '/h2-console'. Database available at 'jdbc:h2:mem:testdb'
2021-04-26T01:51:30.490+0530 INFO HHH000204: Processing PersistenceUnitInfo [name: default]
2021-04-26T01:51:30.643+0530 INFO HHH000412: Hibernate ORM core version 5.4.30.Final
2021-04-26T01:51:31.049+0530 INFO HCANN000001: Hibernate Commons Annotations {5.1.2.Final}
2021-04-26T01:51:31.426+0530 INFO HHH000400: Using dialect: org.hibernate.dialect.H2Dialect
2021-04-26T01:51:33.183+0530 INFO HHH000490: Using JtaPlatform implementation: [org.hibernate.engine.transaction.jta.platform.internal.NoJtaPlatform]
2021-04-26T01:51:33.205+0530 INFO Initialized JPA EntityManagerFactory for persistence unit 'default'
2021-04-26T01:51:34.012+0530 WARN spring.jpa.open-in-view is enabled by default. Therefore, database queries may be performed during view rendering. Explicitly configure spring.jpa.open-in-view to disable this warning
2021-04-26T01:51:34.359+0530 INFO Initializing ExecutorService 'applicationTaskExecutor'
2021-04-26T01:51:34.846+0530 INFO Starting ProtocolHandler ["http-nio-8081"]
2021-04-26T01:51:34.901+0530 INFO Tomcat started on port(s): 8081 (http) with context path ''
2021-04-26T01:51:34.918+0530 INFO Started MyRetailApplication in 11.202 seconds (JVM running for 14.119)
2021-04-26T01:51:49.028+0530 INFO Initializing Spring DispatcherServlet 'dispatcherServlet'
2021-04-26T01:51:49.028+0530 INFO Initializing Servlet 'dispatcherServlet'
2021-04-26T01:51:49.060+0530 INFO Completed initialization in 31 ms
2021-04-26T01:51:49.648+0530 INFO -----Calling the POST methods to add a product to database-----
